0 info it worked if it ends with ok
1 verbose cli [ '/home/wade/.nvm/versions/node/v6.14.4/bin/node',
1 verbose cli   '/home/wade/.nvm/versions/node/v6.14.4/bin/npm',
1 verbose cli   'run',
1 verbose cli   'linux-build',
1 verbose cli   '--',
1 verbose cli   '--env.api=/api',
1 verbose cli   '--env.ws=/ws',
1 verbose cli   '--env.production=true' ]
2 info using npm@3.10.10
3 info using node@v6.14.4
4 verbose run-script [ 'prelinux-build', 'linux-build', 'postlinux-build' ]
5 info lifecycle q8webui@0.0.1~prelinux-build: q8webui@0.0.1
6 silly lifecycle q8webui@0.0.1~prelinux-build: no script for prelinux-build, continuing
7 info lifecycle q8webui@0.0.1~linux-build: q8webui@0.0.1
8 verbose lifecycle q8webui@0.0.1~linux-build: unsafe-perm in lifecycle true
9 verbose lifecycle q8webui@0.0.1~linux-build: PATH: /home/wade/.nvm/versions/node/v6.14.4/lib/node_modules/npm/bin/node-gyp-bin:/home/wade/q8vista/bs/Q8webui/webui/node_modules/.bin:/home/wade/.cargo/bin:/home/wade/.local/bin:/home/wade/bin:/home/wade/.nvm/versions/node/v6.14.4/bin:/usr/local/go/bin:/home/wade/go/bin:/home/wade/bin:/bin:/sbin:/usr/bin:/usr/sbin:/snap/bin
10 verbose lifecycle q8webui@0.0.1~linux-build: CWD: /home/wade/q8vista/bs/Q8webui/webui
11 silly lifecycle q8webui@0.0.1~linux-build: Args: [ '-c',
11 silly lifecycle   'webpack "--env.api=/api" "--env.ws=/ws" "--env.production=true"' ]
12 silly lifecycle q8webui@0.0.1~linux-build: Returned: code: 1  signal: null
13 info lifecycle q8webui@0.0.1~linux-build: Failed to exec linux-build script
14 verbose stack Error: q8webui@0.0.1 linux-build: `webpack "--env.api=/api" "--env.ws=/ws" "--env.production=true"`
14 verbose stack Exit status 1
14 verbose stack     at EventEmitter.<anonymous> (/home/wade/.nvm/versions/node/v6.14.4/lib/node_modules/npm/lib/utils/lifecycle.js:255:16)
14 verbose stack     at emitTwo (events.js:106:13)
14 verbose stack     at EventEmitter.emit (events.js:191:7)
14 verbose stack     at ChildProcess.<anonymous> (/home/wade/.nvm/versions/node/v6.14.4/lib/node_modules/npm/lib/utils/spawn.js:40:14)
14 verbose stack     at emitTwo (events.js:106:13)
14 verbose stack     at ChildProcess.emit (events.js:191:7)
14 verbose stack     at maybeClose (internal/child_process.js:920:16)
14 verbose stack     at Process.ChildProcess._handle.onexit (internal/child_process.js:230:5)
15 verbose pkgid q8webui@0.0.1
16 verbose cwd /home/wade/q8vista/bs/Q8webui/webui
17 error Linux 5.13.0-27-generic
18 error argv "/home/wade/.nvm/versions/node/v6.14.4/bin/node" "/home/wade/.nvm/versions/node/v6.14.4/bin/npm" "run" "linux-build" "--" "--env.api=/api" "--env.ws=/ws" "--env.production=true"
19 error node v6.14.4
20 error npm  v3.10.10
21 error code ELIFECYCLE
22 error q8webui@0.0.1 linux-build: `webpack "--env.api=/api" "--env.ws=/ws" "--env.production=true"`
22 error Exit status 1
23 error Failed at the q8webui@0.0.1 linux-build script 'webpack "--env.api=/api" "--env.ws=/ws" "--env.production=true"'.
23 error Make sure you have the latest version of node.js and npm installed.
23 error If you do, this is most likely a problem with the q8webui package,
23 error not with npm itself.
23 error Tell the author that this fails on your system:
23 error     webpack "--env.api=/api" "--env.ws=/ws" "--env.production=true"
23 error You can get information on how to open an issue for this project with:
23 error     npm bugs q8webui
23 error Or if that isn't available, you can get their info via:
23 error     npm owner ls q8webui
23 error There is likely additional logging output above.
24 verbose exit [ 1, true ]
